#
# There is insufficient memory for the Java Runtime Environment to continue.
# Cannot create GC thread. Out of system resources.
# Possible reasons:
#   The system is out of physical RAM or swap space
#   In 32 bit mode, the process size limit was hit
# Possible solutions:
#   Reduce memory load on the system
#   Increase physical memory or swap space
#   Check if swap backing store is full
#   Use 64 bit Java on a 64 bit OS
#   Decrease Java heap size (-Xmx/-Xms)
#   Decrease number of Java threads
#   Decrease Java thread stack sizes (-Xss)
#   Set larger code cache with -XX:ReservedCodeCacheSize=
# This output file may be truncated or incomplete.
#
#  Out of Memory Error (gcTaskThread.cpp:48), pid=9116, tid=0x0000000000001b14
#
# JRE version:  (8.0_191-b12) (build )
# Java VM: Java HotSpot(TM) 64-Bit Server VM (25.191-b12 mixed mode windows-amd64 compressed oops)
# Failed to write core dump. Minidumps are not enabled by default on client versions of Windows
#

---------------  T H R E A D  ---------------

Current thread (0x00000000020ec000):  JavaThread "Unknown thread" [_thread_in_vm, id=6932, stack(0x0000000002260000,0x0000000002360000)]

Stack: [0x0000000002260000,0x0000000002360000]
[error occurred during error reporting (printing stack bounds), id 0xc0000005]

Native frames: (J=compiled Java code, j=interpreted, Vv=VM code, C=native code)


---------------  P R O C E S S  ---------------

Java Threads: ( => current thread )

Other Threads:

=>0x00000000020ec000 (exited) JavaThread "Unknown thread" [_thread_in_vm, id=6932, stack(0x0000000002260000,0x0000000002360000)]

VM state:not at safepoint (not fully initialized)

VM Mutex/Monitor currently owned by a thread: None

GC Heap History (0 events):
No events

Deoptimization events (0 events):
No events

Classes redefined (0 events):
No events

Internal exceptions (0 events):
No events

Events (0 events):
No events


Dynamic libraries:
0x000000013f2e0000 - 0x000000013f317000 	C:\Program Files\Java\jdk1.8.0_191\bin\java.exe
0x0000000076e10000 - 0x0000000076faf000 	C:\Windows\SYSTEM32\ntdll.dll
0x0000000076cf0000 - 0x0000000076e0f000 	C:\Windows\system32\kernel32.dll
0x000007fefc790000 - 0x000007fefc7f7000 	C:\Windows\system32\KERNELBASE.dll
0x000007feff010000 - 0x000007feff0eb000 	C:\Windows\system32\ADVAPI32.dll
0x000007fefef70000 - 0x000007feff00f000 	C:\Windows\system32\msvcrt.dll
0x000007fefee40000 - 0x000007fefee5f000 	C:\Windows\SYSTEM32\sechost.dll
0x000007fefcd20000 - 0x000007fefce4c000 	C:\Windows\system32\RPCRT4.dll
0x0000000076bf0000 - 0x0000000076cea000 	C:\Windows\system32\USER32.dll
0x000007fefeea0000 - 0x000007fefef07000 	C:\Windows\system32\GDI32.dll
0x000007fefee90000 - 0x000007fefee9e000 	C:\Windows\system32\LPK.dll
0x000007fefeaa0000 - 0x000007fefeb6b000 	C:\Windows\system32\USP10.dll
0x000007fefac80000 - 0x000007fefae75000 	C:\Windows\WinSxS\amd64_microsoft.windows.common-controls_6595b64144ccf1df_6.0.7601.24483_none_e372d88f30fbb845\COMCTL32.dll
0x000007fefdbe0000 - 0x000007fefdc51000 	C:\Windows\system32\SHLWAPI.dll
0x000007fefee60000 - 0x000007fefee8e000 	C:\Windows\system32\IMM32.DLL
0x000007fefe990000 - 0x000007fefea9b000 	C:\Windows\system32\MSCTF.dll
0x000007fefc670000 - 0x000007fefc6a0000 	C:\Windows\system32\nvinitx.dll
0x000007fefc660000 - 0x000007fefc66c000 	C:\Windows\system32\VERSION.dll
0x0000000069300000 - 0x00000000693d2000 	C:\Program Files\Java\jdk1.8.0_191\jre\bin\msvcr100.dll
0x0000000068a50000 - 0x00000000692f4000 	C:\Program Files\Java\jdk1.8.0_191\jre\bin\server\jvm.dll
0x000007fef6ae0000 - 0x000007fef6ae9000 	C:\Windows\system32\WSOCK32.dll
0x000007fefdf90000 - 0x000007fefdfdd000 	C:\Windows\system32\WS2_32.dll
0x000007feff0f0000 - 0x000007feff0f8000 	C:\Windows\system32\NSI.dll
0x000007fefc750000 - 0x000007fefc78b000 	C:\Windows\system32\WINMM.dll
0x0000000076fb0000 - 0x0000000076fb7000 	C:\Windows\system32\PSAPI.DLL
0x0000000069c70000 - 0x0000000069c7f000 	C:\Program Files\Java\jdk1.8.0_191\jre\bin\verify.dll
0x0000000069c40000 - 0x0000000069c69000 	C:\Program Files\Java\jdk1.8.0_191\jre\bin\java.dll
0x00000000696a0000 - 0x00000000696d5000 	C:\Program Files\Java\jdk1.8.0_191\jre\bin\jdwp.dll
0x0000000069690000 - 0x0000000069698000 	C:\Program Files\Java\jdk1.8.0_191\jre\bin\npt.dll
0x0000000067630000 - 0x0000000067653000 	C:\Program Files\Java\jdk1.8.0_191\jre\bin\instrument.dll
0x0000000069c20000 - 0x0000000069c36000 	C:\Program Files\Java\jdk1.8.0_191\jre\bin\zip.dll

VM Arguments:
jvm_args: -agentlib:jdwp=transport=dt_socket,address=127.0.0.1:52134,suspend=y,server=n -XX:TieredStopAtLevel=1 -Xverify:none -Dspring.output.ansi.enabled=always -Dcom.sun.management.jmxremote -Dspring.jmx.enabled=true -Dspring.liveBeansView.mbeanDomain -Dspring.application.admin.enabled=true -javaagent:C:\Users\My\.IntelliJIdea2019.3\system\captureAgent\debugger-agent.jar -Dfile.encoding=UTF-8 
java_command: com.demo.vue.vuedata.VuedataApplication
java_class_path (initial): C:\Program Files\Java\jdk1.8.0_191\jre\lib\charsets.jar;C:\Program Files\Java\jdk1.8.0_191\jre\lib\deploy.jar;C:\Program Files\Java\jdk1.8.0_191\jre\lib\ext\access-bridge-64.jar;C:\Program Files\Java\jdk1.8.0_191\jre\lib\ext\cldrdata.jar;C:\Program Files\Java\jdk1.8.0_191\jre\lib\ext\dnsns.jar;C:\Program Files\Java\jdk1.8.0_191\jre\lib\ext\jaccess.jar;C:\Program Files\Java\jdk1.8.0_191\jre\lib\ext\jfxrt.jar;C:\Program Files\Java\jdk1.8.0_191\jre\lib\ext\localedata.jar;C:\Program Files\Java\jdk1.8.0_191\jre\lib\ext\nashorn.jar;C:\Program Files\Java\jdk1.8.0_191\jre\lib\ext\sunec.jar;C:\Program Files\Java\jdk1.8.0_191\jre\lib\ext\sunjce_provider.jar;C:\Program Files\Java\jdk1.8.0_191\jre\lib\ext\sunmscapi.jar;C:\Program Files\Java\jdk1.8.0_191\jre\lib\ext\sunpkcs11.jar;C:\Program Files\Java\jdk1.8.0_191\jre\lib\ext\zipfs.jar;C:\Program Files\Java\jdk1.8.0_191\jre\lib\javaws.jar;C:\Program Files\Java\jdk1.8.0_191\jre\lib\jce.jar;C:\Program Files\Java\jdk1.8.0_191\jre\lib\jfr.jar;C:\Program Files\Java\jdk1.8.0_191\jre\lib\jfxswt.jar;C:\Program Files\Java\jdk1.8.0_191\jre\lib\jsse.jar;C:\Program Files\Java\jdk1.8.0_191\jre\lib\management-agent.jar;C:\Program Files\Java\jdk1.8.0_191\jre\lib\plugin.jar;C:\Program Files\Java\jdk1.8.0_191\jre\lib\resources.jar;C:\Program Files\Java\jdk1.8.0_191\jre\lib\rt.jar;E:\1804\vuedata\target\classes;D:\Maven\org\springframework\boot\spring-boot-starter-web\2.1.11.RELEASE\spring-boot-starter-web-2.1.11.RELEASE.jar;D:\Maven\org\springframework\boot\spring-boot-starter\2.1.11.RELEASE\spring-boot-starter-2.1.11.RELEASE.jar;D:\Maven\org\springframework\boot\spring-boot-starter-logging\2.1.11.RELEASE\spring-boot-starter-logging-2.1.11.RELEASE.jar;D:\Maven\ch\qos\logback\logback-classic\1.2.3\logback-classic-1.2.3.jar;D:\Maven\ch\qos\logback\logback-core\1.2.3\logback-core-1.2.3.jar;D:\Maven\org\apache\logging\log4j\log4j-to-slf4j\2.11.2\log4j-to-slf4j-2.11.2.jar;D:\Maven\org\apache\logging\log4j\log4j-api\2.11.2
Launcher Type: SUN_STANDARD

Environment Variables:
JAVA_HOME=C:\Program Files\Java\jdk1.8.0_191
PATH=C:\Program Files (x86)\Common Files\Oracle\Java\javapath;C:\Program Files (x86)\Intel\iCLS Client\;C:\Program Files\Intel\iCLS Client\;C:\Windows\system32;C:\Windows;C:\Windows\System32\Wbem;C:\Windows\System32\WindowsPowerShell\v1.0\;C:\Program Files\Intel\WiFi\bin\;C:\Program Files\Common Files\Intel\WirelessCommon\;C:\Program Files\Lenovo\Fingerprint Manager Pro\;C:\Program Files (x86)\Intel\Intel(R) Management Engine Components\DAL;C:\Program Files\Intel\Intel(R) Management Engine Components\DAL;C:\Program Files (x86)\Intel\Intel(R) Management Engine Components\IPT;C:\Program Files\Intel\Intel(R) Management Engine Components\IPT;C:\Program Files\Java\jdk1.8.0_191\bin;E:\tool\apache-tomcat-8.0.41\lib;E:\tool\apache-tomcat-8.0.41\bin;E:\tool\apache-maven-3.6.0\bin;C:\Program Files\MySQL\MySQL Server 5.6\bin;D:\Program Files\TortoiseGit\bin;C:\Program Files (x86)\MySQL\MySQL Utilities 1.6\;d:\Program Files\Git\cmd;D:\Program Files\nodejs\;C:\Program Files\Intel\WiFi\bin\;C:\Program Files\Common Files\Intel\WirelessCommon\;d:\Program Files\JetBrains\IntelliJ IDEA 2019\bin;;C:\Program Files\Bandizip\;C:\Users\My\AppData\Roaming\npm;d:\Programs\Microsoft VS Code\bin
USERNAME=My
OS=Windows_NT
PROCESSOR_IDENTIFIER=Intel64 Family 6 Model 60 Stepping 3, GenuineIntel



---------------  S Y S T E M  ---------------

OS: Windows 7 , 64 bit Build 7601 (6.1.7601.24540)

CPU:total 8 (initial active 8) (4 cores per cpu, 2 threads per core) family 6 model 60 stepping 3, cmov, cx8, fxsr, mmx, sse, sse2, sse3, ssse3, sse4.1, sse4.2, popcnt, avx, avx2, aes, clmul, erms, rtm, lzcnt, ht, tsc, tscinvbit, bmi1, bmi2

Memory: 4k page, physical 8068884k(1486032k free), swap 12261288k(4792k free)

vm_info: Java HotSpot(TM) 64-Bit Server VM (25.191-b12) for windows-amd64 JRE (1.8.0_191-b12), built on Oct  6 2018 09:29:03 by "java_re" with MS VC++ 10.0 (VS2010)

time: Mon Feb 17 00:03:41 2020
elapsed time: 0 seconds (0d 0h 0m 0s)

